<?xml version="1.0" encoding="UTF-8"?>
<testsuite name="com.danielszalay.backendchallenge.BackendchallengeApplicationTests" tests="1" skipped="0" failures="0" errors="0" timestamp="2019-09-08T21:09:44" hostname="Szalays-MacBook-Pro.local" time="0.281">
  <properties/>
  <testcase name="contextLoads" classname="com.danielszalay.backendchallenge.BackendchallengeApplicationTests" time="0.281"/>
  <system-out><![CDATA[23:09:38.678 [Test worker] DEBUG org.springframework.test.context.junit4.SpringJUnit4ClassRunner - SpringJUnit4ClassRunner constructor called with [class com.danielszalay.backendchallenge.BackendchallengeApplicationTests]
23:09:38.689 [Test worker] DEBUG org.springframework.test.context.BootstrapUtils - Instantiating CacheAwareContextLoaderDelegate from class [org.springframework.test.context.cache.DefaultCacheAwareContextLoaderDelegate]
23:09:38.699 [Test worker] DEBUG org.springframework.test.context.BootstrapUtils - Instantiating BootstrapContext using constructor [public org.springframework.test.context.support.DefaultBootstrapContext(java.lang.Class,org.springframework.test.context.CacheAwareContextLoaderDelegate)]
23:09:38.733 [Test worker] DEBUG org.springframework.test.context.BootstrapUtils - Instantiating TestContextBootstrapper for test class [com.danielszalay.backendchallenge.BackendchallengeApplicationTests] from class [org.springframework.boot.test.context.SpringBootTestContextBootstrapper]
23:09:38.753 [Test worker] INFO org.springframework.boot.test.context.SpringBootTestContextBootstrapper - Neither @ContextConfiguration nor @ContextHierarchy found for test class [com.danielszalay.backendchallenge.BackendchallengeApplicationTests], using SpringBootContextLoader
23:09:38.758 [Test worker] DEBUG org.springframework.test.context.support.AbstractContextLoader - Did not detect default resource location for test class [com.danielszalay.backendchallenge.BackendchallengeApplicationTests]: class path resource [com/danielszalay/backendchallenge/BackendchallengeApplicationTests-context.xml] does not exist
23:09:38.758 [Test worker] DEBUG org.springframework.test.context.support.AbstractContextLoader - Did not detect default resource location for test class [com.danielszalay.backendchallenge.BackendchallengeApplicationTests]: class path resource [com/danielszalay/backendchallenge/BackendchallengeApplicationTestsContext.groovy] does not exist
23:09:38.759 [Test worker] INFO org.springframework.test.context.support.AbstractContextLoader - Could not detect default resource locations for test class [com.danielszalay.backendchallenge.BackendchallengeApplicationTests]: no resource found for suffixes {-context.xml, Context.groovy}.
23:09:38.767 [Test worker] INFO org.springframework.test.context.support.AnnotationConfigContextLoaderUtils - Could not detect default configuration classes for test class [com.danielszalay.backendchallenge.BackendchallengeApplicationTests]: BackendchallengeApplicationTests does not declare any static, non-private, non-final, nested classes annotated with @Configuration.
23:09:38.860 [Test worker] DEBUG org.springframework.test.context.support.ActiveProfilesUtils - Could not find an 'annotation declaring class' for annotation type [org.springframework.test.context.ActiveProfiles] and class [com.danielszalay.backendchallenge.BackendchallengeApplicationTests]
23:09:38.974 [Test worker] DEBUG org.springframework.context.annotation.ClassPathScanningCandidateComponentProvider - Identified candidate component class: file [/Users/danielszalay/Code_Projects/spring-backend-challenge-jmr/build/classes/java/main/com/danielszalay/backendchallenge/BackendChallengeApplication.class]
23:09:38.976 [Test worker] INFO org.springframework.boot.test.context.SpringBootTestContextBootstrapper - Found @SpringBootConfiguration com.danielszalay.backendchallenge.BackendChallengeApplication for test class com.danielszalay.backendchallenge.BackendchallengeApplicationTests
23:09:39.105 [Test worker] DEBUG org.springframework.boot.test.context.SpringBootTestContextBootstrapper - @TestExecutionListeners is not present for class [com.danielszalay.backendchallenge.BackendchallengeApplicationTests]: using defaults.
23:09:39.106 [Test worker] INFO org.springframework.boot.test.context.SpringBootTestContextBootstrapper - Loaded default TestExecutionListener class names from location [META-INF/spring.factories]: [org.springframework.boot.test.autoconfigure.restdocs.RestDocsTestExecutionListener, org.springframework.boot.test.autoconfigure.web.client.MockRestServiceServerResetTestExecutionListener, org.springframework.boot.test.autoconfigure.web.servlet.MockMvcPrintOnlyOnFailureTestExecutionListener, org.springframework.boot.test.autoconfigure.web.servlet.WebDriverTestExecutionListener, org.springframework.boot.test.mock.mockito.MockitoTestExecutionListener, org.springframework.boot.test.mock.mockito.ResetMocksTestExecutionListener, org.springframework.test.context.web.ServletTestExecutionListener, org.springframework.test.context.support.DirtiesContextBeforeModesTestExecutionListener, org.springframework.test.context.support.DependencyInjectionTestExecutionListener, org.springframework.test.context.support.DirtiesContextTestExecutionListener, org.springframework.test.context.transaction.TransactionalTestExecutionListener, org.springframework.test.context.jdbc.SqlScriptsTestExecutionListener]
23:09:39.132 [Test worker] INFO org.springframework.boot.test.context.SpringBootTestContextBootstrapper - Using TestExecutionListeners: [org.springframework.test.context.web.ServletTestExecutionListener@b390dc2, org.springframework.test.context.support.DirtiesContextBeforeModesTestExecutionListener@6b09295b, org.springframework.boot.test.mock.mockito.MockitoTestExecutionListener@1afa6b0d, org.springframework.boot.test.autoconfigure.SpringBootDependencyInjectionTestExecutionListener@176b048, org.springframework.test.context.support.DirtiesContextTestExecutionListener@42e2fab9, org.springframework.test.context.transaction.TransactionalTestExecutionListener@6003504f, org.springframework.test.context.jdbc.SqlScriptsTestExecutionListener@2968fd41, org.springframework.boot.test.autoconfigure.restdocs.RestDocsTestExecutionListener@1d28ecd4, org.springframework.boot.test.autoconfigure.web.client.MockRestServiceServerResetTestExecutionListener@48caeafa, org.springframework.boot.test.autoconfigure.web.servlet.MockMvcPrintOnlyOnFailureTestExecutionListener@32315a84, org.springframework.boot.test.autoconfigure.web.servlet.WebDriverTestExecutionListener@5c5d3b76, org.springframework.boot.test.mock.mockito.ResetMocksTestExecutionListener@6493265]
23:09:39.136 [Test worker] DEBUG org.springframework.test.annotation.ProfileValueUtils - Retrieved @ProfileValueSourceConfiguration [null] for test class [com.danielszalay.backendchallenge.BackendchallengeApplicationTests]
23:09:39.137 [Test worker] DEBUG org.springframework.test.annotation.ProfileValueUtils - Retrieved ProfileValueSource type [class org.springframework.test.annotation.SystemProfileValueSource] for class [com.danielszalay.backendchallenge.BackendchallengeApplicationTests]
23:09:39.139 [Test worker] DEBUG org.springframework.test.annotation.ProfileValueUtils - Retrieved @ProfileValueSourceConfiguration [null] for test class [com.danielszalay.backendchallenge.BackendchallengeApplicationTests]
23:09:39.139 [Test worker] DEBUG org.springframework.test.annotation.ProfileValueUtils - Retrieved ProfileValueSource type [class org.springframework.test.annotation.SystemProfileValueSource] for class [com.danielszalay.backendchallenge.BackendchallengeApplicationTests]
23:09:39.144 [Test worker] DEBUG org.springframework.test.context.support.AbstractDirtiesContextTestExecutionListener - Before test class: context [DefaultTestContext@2e93509c testClass = BackendchallengeApplicationTests, testInstance = [null], testMethod = [null], testException = [null], mergedContextConfiguration = [WebMergedContextConfiguration@25a0addd testClass = BackendchallengeApplicationTests, locations = '{}', classes = '{class com.danielszalay.backendchallenge.BackendChallengeApplication}', contextInitializerClasses = '[]', activeProfiles = '{}', propertySourceLocations = '{}', propertySourceProperties = '{org.springframework.boot.test.context.SpringBootTestContextBootstrapper=true}', contextCustomizers = set[org.springframework.boot.test.autoconfigure.properties.PropertyMappingContextCustomizer@0, org.springframework.boot.test.autoconfigure.web.servlet.WebDriverContextCustomizerFactory$Customizer@1d48c630, org.springframework.boot.test.context.filter.ExcludeFilterContextCustomizer@424cf95b, org.springframework.boot.test.json.DuplicateJsonObjectContextCustomizerFactory$DuplicateJsonObjectContextCustomizer@46c7efcc, org.springframework.boot.test.mock.mockito.MockitoContextCustomizer@0, org.springframework.boot.test.web.client.TestRestTemplateContextCustomizer@67a89591], resourceBasePath = 'src/main/webapp', contextLoader = 'org.springframework.boot.test.context.SpringBootContextLoader', parent = [null]], attributes = map['org.springframework.test.context.web.ServletTestExecutionListener.activateListener' -> true]], class annotated with @DirtiesContext [false] with mode [null].
23:09:39.145 [Test worker] DEBUG org.springframework.test.annotation.ProfileValueUtils - Retrieved @ProfileValueSourceConfiguration [null] for test class [com.danielszalay.backendchallenge.BackendchallengeApplicationTests]
23:09:39.145 [Test worker] DEBUG org.springframework.test.annotation.ProfileValueUtils - Retrieved ProfileValueSource type [class org.springframework.test.annotation.SystemProfileValueSource] for class [com.danielszalay.backendchallenge.BackendchallengeApplicationTests]
23:09:39.169 [Test worker] DEBUG org.springframework.test.context.support.TestPropertySourceUtils - Adding inlined properties to environment: {spring.jmx.enabled=false, org.springframework.boot.test.context.SpringBootTestContextBootstrapper=true, server.port=-1}

  .   ____          _            __ _ _
 /\\ / ___'_ __ _ _(_)_ __  __ _ \ \ \ \
( ( )\___ | '_ | '_| | '_ \/ _` | \ \ \ \
 \\/  ___)| |_)| | | | | || (_| |  ) ) ) )
  '  |____| .__|_| |_|_| |_\__, | / / / /
 =========|_|==============|___/=/_/_/_/
 :: Spring Boot ::        (v2.1.8.RELEASE)

2019-09-08 23:09:39.757  INFO 2366 --- [    Test worker] c.d.b.BackendchallengeApplicationTests   : Starting BackendchallengeApplicationTests on Szalays-MacBook-Pro.local with PID 2366 (started by danielszalay in /Users/danielszalay/Code_Projects/spring-backend-challenge-jmr)
2019-09-08 23:09:39.760  INFO 2366 --- [    Test worker] c.d.b.BackendchallengeApplicationTests   : No active profile set, falling back to default profiles: default
2019-09-08 23:09:40.842  INFO 2366 --- [    Test worker] .s.d.r.c.RepositoryConfigurationDelegate : Bootstrapping Spring Data repositories in DEFAULT mode.
2019-09-08 23:09:40.951  INFO 2366 --- [    Test worker] .s.d.r.c.RepositoryConfigurationDelegate : Finished Spring Data repository scanning in 102ms. Found 1 repository interfaces.
2019-09-08 23:09:42.147  INFO 2366 --- [    Test worker] org.mongodb.driver.cluster               : Cluster created with settings {hosts=[localhost:27017], mode=SINGLE, requiredClusterType=UNKNOWN, serverSelectionTimeout='30000 ms', maxWaitQueueSize=500}
2019-09-08 23:09:42.271  INFO 2366 --- [localhost:27017] org.mongodb.driver.cluster               : Exception in monitor thread while connecting to server localhost:27017

com.mongodb.MongoSocketOpenException: Exception opening socket
	at com.mongodb.internal.connection.SocketStream.open(SocketStream.java:67) ~[mongodb-driver-core-3.8.2.jar:na]
	at com.mongodb.internal.connection.InternalStreamConnection.open(InternalStreamConnection.java:126) ~[mongodb-driver-core-3.8.2.jar:na]
	at com.mongodb.internal.connection.DefaultServerMonitor$ServerMonitorRunnable.run(DefaultServerMonitor.java:117) ~[mongodb-driver-core-3.8.2.jar:na]
	at java.lang.Thread.run(Thread.java:748) [na:1.8.0_131]
Caused by: java.net.ConnectException: Connection refused (Connection refused)
	at java.net.PlainSocketImpl.socketConnect(Native Method) ~[na:1.8.0_131]
	at java.net.AbstractPlainSocketImpl.doConnect(AbstractPlainSocketImpl.java:350) ~[na:1.8.0_131]
	at java.net.AbstractPlainSocketImpl.connectToAddress(AbstractPlainSocketImpl.java:206) ~[na:1.8.0_131]
	at java.net.AbstractPlainSocketImpl.connect(AbstractPlainSocketImpl.java:188) ~[na:1.8.0_131]
	at java.net.SocksSocketImpl.connect(SocksSocketImpl.java:392) ~[na:1.8.0_131]
	at java.net.Socket.connect(Socket.java:589) ~[na:1.8.0_131]
	at com.mongodb.internal.connection.SocketStreamHelper.initialize(SocketStreamHelper.java:64) ~[mongodb-driver-core-3.8.2.jar:na]
	at com.mongodb.internal.connection.SocketStream.open(SocketStream.java:62) ~[mongodb-driver-core-3.8.2.jar:na]
	... 3 common frames omitted

2019-09-08 23:09:44.323  INFO 2366 --- [    Test worker] o.s.s.concurrent.ThreadPoolTaskExecutor  : Initializing ExecutorService 'applicationTaskExecutor'
2019-09-08 23:09:44.508  INFO 2366 --- [    Test worker] o.s.b.a.w.s.WelcomePageHandlerMapping    : Adding welcome page: class path resource [static/index.html]
2019-09-08 23:09:44.838  INFO 2366 --- [    Test worker] c.d.b.BackendchallengeApplicationTests   : Started BackendchallengeApplicationTests in 5.656 seconds (JVM running for 7.247)
]]></system-out>
  <system-err><![CDATA[]]></system-err>
</testsuite>
