<?xml version="1.0" encoding="UTF-8"?>
<testsuite name="com.danielszalay.backendchallenge.BackendchallengeApplicationTests" tests="1" skipped="0" failures="0" errors="0" timestamp="2019-09-07T23:25:28" hostname="Szalays-MacBook-Pro.local" time="0.34">
  <properties/>
  <testcase name="contextLoads" classname="com.danielszalay.backendchallenge.BackendchallengeApplicationTests" time="0.34"/>
  <system-out><![CDATA[01:25:21.677 [Test worker] DEBUG org.springframework.test.context.junit4.SpringJUnit4ClassRunner - SpringJUnit4ClassRunner constructor called with [class com.danielszalay.backendchallenge.BackendchallengeApplicationTests]
01:25:21.689 [Test worker] DEBUG org.springframework.test.context.BootstrapUtils - Instantiating CacheAwareContextLoaderDelegate from class [org.springframework.test.context.cache.DefaultCacheAwareContextLoaderDelegate]
01:25:21.701 [Test worker] DEBUG org.springframework.test.context.BootstrapUtils - Instantiating BootstrapContext using constructor [public org.springframework.test.context.support.DefaultBootstrapContext(java.lang.Class,org.springframework.test.context.CacheAwareContextLoaderDelegate)]
01:25:21.734 [Test worker] DEBUG org.springframework.test.context.BootstrapUtils - Instantiating TestContextBootstrapper for test class [com.danielszalay.backendchallenge.BackendchallengeApplicationTests] from class [org.springframework.boot.test.context.SpringBootTestContextBootstrapper]
01:25:21.755 [Test worker] INFO org.springframework.boot.test.context.SpringBootTestContextBootstrapper - Neither @ContextConfiguration nor @ContextHierarchy found for test class [com.danielszalay.backendchallenge.BackendchallengeApplicationTests], using SpringBootContextLoader
01:25:21.760 [Test worker] DEBUG org.springframework.test.context.support.AbstractContextLoader - Did not detect default resource location for test class [com.danielszalay.backendchallenge.BackendchallengeApplicationTests]: class path resource [com/danielszalay/backendchallenge/BackendchallengeApplicationTests-context.xml] does not exist
01:25:21.761 [Test worker] DEBUG org.springframework.test.context.support.AbstractContextLoader - Did not detect default resource location for test class [com.danielszalay.backendchallenge.BackendchallengeApplicationTests]: class path resource [com/danielszalay/backendchallenge/BackendchallengeApplicationTestsContext.groovy] does not exist
01:25:21.762 [Test worker] INFO org.springframework.test.context.support.AbstractContextLoader - Could not detect default resource locations for test class [com.danielszalay.backendchallenge.BackendchallengeApplicationTests]: no resource found for suffixes {-context.xml, Context.groovy}.
01:25:21.764 [Test worker] INFO org.springframework.test.context.support.AnnotationConfigContextLoaderUtils - Could not detect default configuration classes for test class [com.danielszalay.backendchallenge.BackendchallengeApplicationTests]: BackendchallengeApplicationTests does not declare any static, non-private, non-final, nested classes annotated with @Configuration.
01:25:21.861 [Test worker] DEBUG org.springframework.test.context.support.ActiveProfilesUtils - Could not find an 'annotation declaring class' for annotation type [org.springframework.test.context.ActiveProfiles] and class [com.danielszalay.backendchallenge.BackendchallengeApplicationTests]
01:25:21.976 [Test worker] DEBUG org.springframework.context.annotation.ClassPathScanningCandidateComponentProvider - Identified candidate component class: file [/Users/danielszalay/Code_Projects/SpringBackendChallenge/build/classes/java/main/com/danielszalay/backendchallenge/BackendChallengeApplication.class]
01:25:21.979 [Test worker] INFO org.springframework.boot.test.context.SpringBootTestContextBootstrapper - Found @SpringBootConfiguration com.danielszalay.backendchallenge.BackendChallengeApplication for test class com.danielszalay.backendchallenge.BackendchallengeApplicationTests
01:25:22.123 [Test worker] DEBUG org.springframework.boot.test.context.SpringBootTestContextBootstrapper - @TestExecutionListeners is not present for class [com.danielszalay.backendchallenge.BackendchallengeApplicationTests]: using defaults.
01:25:22.124 [Test worker] INFO org.springframework.boot.test.context.SpringBootTestContextBootstrapper - Loaded default TestExecutionListener class names from location [META-INF/spring.factories]: [org.springframework.boot.test.autoconfigure.restdocs.RestDocsTestExecutionListener, org.springframework.boot.test.autoconfigure.web.client.MockRestServiceServerResetTestExecutionListener, org.springframework.boot.test.autoconfigure.web.servlet.MockMvcPrintOnlyOnFailureTestExecutionListener, org.springframework.boot.test.autoconfigure.web.servlet.WebDriverTestExecutionListener, org.springframework.boot.test.mock.mockito.MockitoTestExecutionListener, org.springframework.boot.test.mock.mockito.ResetMocksTestExecutionListener, org.springframework.test.context.web.ServletTestExecutionListener, org.springframework.test.context.support.DirtiesContextBeforeModesTestExecutionListener, org.springframework.test.context.support.DependencyInjectionTestExecutionListener, org.springframework.test.context.support.DirtiesContextTestExecutionListener, org.springframework.test.context.transaction.TransactionalTestExecutionListener, org.springframework.test.context.jdbc.SqlScriptsTestExecutionListener]
01:25:22.153 [Test worker] INFO org.springframework.boot.test.context.SpringBootTestContextBootstrapper - Using TestExecutionListeners: [org.springframework.test.context.web.ServletTestExecutionListener@18e74d35, org.springframework.test.context.support.DirtiesContextBeforeModesTestExecutionListener@1bf6bd33, org.springframework.boot.test.mock.mockito.MockitoTestExecutionListener@64e05426, org.springframework.boot.test.autoconfigure.SpringBootDependencyInjectionTestExecutionListener@2cf1b419, org.springframework.test.context.support.DirtiesContextTestExecutionListener@e5dda57, org.springframework.test.context.transaction.TransactionalTestExecutionListener@206ce18a, org.springframework.test.context.jdbc.SqlScriptsTestExecutionListener@464bc0c5, org.springframework.boot.test.autoconfigure.restdocs.RestDocsTestExecutionListener@67bbe569, org.springframework.boot.test.autoconfigure.web.client.MockRestServiceServerResetTestExecutionListener@7d414ab, org.springframework.boot.test.autoconfigure.web.servlet.MockMvcPrintOnlyOnFailureTestExecutionListener@40f3c56a, org.springframework.boot.test.autoconfigure.web.servlet.WebDriverTestExecutionListener@58a66859, org.springframework.boot.test.mock.mockito.ResetMocksTestExecutionListener@600e5e89]
01:25:22.158 [Test worker] DEBUG org.springframework.test.annotation.ProfileValueUtils - Retrieved @ProfileValueSourceConfiguration [null] for test class [com.danielszalay.backendchallenge.BackendchallengeApplicationTests]
01:25:22.159 [Test worker] DEBUG org.springframework.test.annotation.ProfileValueUtils - Retrieved ProfileValueSource type [class org.springframework.test.annotation.SystemProfileValueSource] for class [com.danielszalay.backendchallenge.BackendchallengeApplicationTests]
01:25:22.160 [Test worker] DEBUG org.springframework.test.annotation.ProfileValueUtils - Retrieved @ProfileValueSourceConfiguration [null] for test class [com.danielszalay.backendchallenge.BackendchallengeApplicationTests]
01:25:22.161 [Test worker] DEBUG org.springframework.test.annotation.ProfileValueUtils - Retrieved ProfileValueSource type [class org.springframework.test.annotation.SystemProfileValueSource] for class [com.danielszalay.backendchallenge.BackendchallengeApplicationTests]
01:25:22.167 [Test worker] DEBUG org.springframework.test.context.support.AbstractDirtiesContextTestExecutionListener - Before test class: context [DefaultTestContext@64e9c7a7 testClass = BackendchallengeApplicationTests, testInstance = [null], testMethod = [null], testException = [null], mergedContextConfiguration = [WebMergedContextConfiguration@39401559 testClass = BackendchallengeApplicationTests, locations = '{}', classes = '{class com.danielszalay.backendchallenge.BackendChallengeApplication}', contextInitializerClasses = '[]', activeProfiles = '{}', propertySourceLocations = '{}', propertySourceProperties = '{org.springframework.boot.test.context.SpringBootTestContextBootstrapper=true}', contextCustomizers = set[org.springframework.boot.test.autoconfigure.properties.PropertyMappingContextCustomizer@0, org.springframework.boot.test.autoconfigure.web.servlet.WebDriverContextCustomizerFactory$Customizer@33c709f6, org.springframework.boot.test.context.filter.ExcludeFilterContextCustomizer@22d72473, org.springframework.boot.test.json.DuplicateJsonObjectContextCustomizerFactory$DuplicateJsonObjectContextCustomizer@7b56179a, org.springframework.boot.test.mock.mockito.MockitoContextCustomizer@0, org.springframework.boot.test.web.client.TestRestTemplateContextCustomizer@25c07e48], resourceBasePath = 'src/main/webapp', contextLoader = 'org.springframework.boot.test.context.SpringBootContextLoader', parent = [null]], attributes = map['org.springframework.test.context.web.ServletTestExecutionListener.activateListener' -> true]], class annotated with @DirtiesContext [false] with mode [null].
01:25:22.168 [Test worker] DEBUG org.springframework.test.annotation.ProfileValueUtils - Retrieved @ProfileValueSourceConfiguration [null] for test class [com.danielszalay.backendchallenge.BackendchallengeApplicationTests]
01:25:22.168 [Test worker] DEBUG org.springframework.test.annotation.ProfileValueUtils - Retrieved ProfileValueSource type [class org.springframework.test.annotation.SystemProfileValueSource] for class [com.danielszalay.backendchallenge.BackendchallengeApplicationTests]
01:25:22.201 [Test worker] DEBUG org.springframework.test.context.support.TestPropertySourceUtils - Adding inlined properties to environment: {spring.jmx.enabled=false, org.springframework.boot.test.context.SpringBootTestContextBootstrapper=true, server.port=-1}

  .   ____          _            __ _ _
 /\\ / ___'_ __ _ _(_)_ __  __ _ \ \ \ \
( ( )\___ | '_ | '_| | '_ \/ _` | \ \ \ \
 \\/  ___)| |_)| | | | | || (_| |  ) ) ) )
  '  |____| .__|_| |_|_| |_\__, | / / / /
 =========|_|==============|___/=/_/_/_/
 :: Spring Boot ::        (v2.1.8.RELEASE)

2019-09-08 01:25:22.886  INFO 43765 --- [    Test worker] c.d.b.BackendchallengeApplicationTests   : Starting BackendchallengeApplicationTests on Szalays-MacBook-Pro.local with PID 43765 (started by danielszalay in /Users/danielszalay/Code_Projects/SpringBackendChallenge)
2019-09-08 01:25:22.888  INFO 43765 --- [    Test worker] c.d.b.BackendchallengeApplicationTests   : No active profile set, falling back to default profiles: default
2019-09-08 01:25:24.253  INFO 43765 --- [    Test worker] .s.d.r.c.RepositoryConfigurationDelegate : Bootstrapping Spring Data repositories in DEFAULT mode.
2019-09-08 01:25:24.413  INFO 43765 --- [    Test worker] .s.d.r.c.RepositoryConfigurationDelegate : Finished Spring Data repository scanning in 143ms. Found 1 repository interfaces.
2019-09-08 01:25:25.923  INFO 43765 --- [    Test worker] org.mongodb.driver.cluster               : Cluster created with settings {hosts=[localhost:27017], mode=MULTIPLE, requiredClusterType=UNKNOWN, serverSelectionTimeout='30000 ms', maxWaitQueueSize=500}
2019-09-08 01:25:25.924  INFO 43765 --- [    Test worker] org.mongodb.driver.cluster               : Adding discovered server localhost:27017 to client view of cluster
2019-09-08 01:25:26.143  INFO 43765 --- [localhost:27017] org.mongodb.driver.connection            : Opened connection [connectionId{localValue:1, serverValue:11}] to localhost:27017
2019-09-08 01:25:26.148  INFO 43765 --- [localhost:27017] org.mongodb.driver.cluster               : Monitor thread successfully connected to server with description ServerDescription{address=localhost:27017, type=STANDALONE, state=CONNECTED, ok=true, version=ServerVersion{versionList=[3, 4, 9]}, minWireVersion=0, maxWireVersion=5, maxDocumentSize=16777216, logicalSessionTimeoutMinutes=null, roundTripTimeNanos=1976819}
2019-09-08 01:25:26.154  INFO 43765 --- [localhost:27017] org.mongodb.driver.cluster               : Discovered cluster type of STANDALONE
2019-09-08 01:25:27.922  INFO 43765 --- [    Test worker] o.s.s.concurrent.ThreadPoolTaskExecutor  : Initializing ExecutorService 'applicationTaskExecutor'
2019-09-08 01:25:28.105  INFO 43765 --- [    Test worker] o.s.b.a.w.s.WelcomePageHandlerMapping    : Adding welcome page: class path resource [static/index.html]
2019-09-08 01:25:28.574  INFO 43765 --- [    Test worker] c.d.b.BackendchallengeApplicationTests   : Started BackendchallengeApplicationTests in 6.356 seconds (JVM running for 7.843)
]]></system-out>
  <system-err><![CDATA[]]></system-err>
</testsuite>
